<?xml version="1.0" encoding="UTF-8"?>
<testrun name="RequestObjectTest" project="javaServer-14" tests="1" started="1" failures="0" errors="1" ignored="0">
  <testsuite name="com.yxm.javaserver.core.RequestObjectTest" time="0.001">
    <testcase name="testGetParameter" classname="com.yxm.javaserver.core.RequestObjectTest" time="0.001">
      <error>java.util.regex.PatternSyntaxException: Dangling meta character '?' near index 0&#13;
?&#13;
^&#13;
	at java.util.regex.Pattern.error(Pattern.java:1713)&#13;
	at java.util.regex.Pattern.sequence(Pattern.java:1878)&#13;
	at java.util.regex.Pattern.expr(Pattern.java:1752)&#13;
	at java.util.regex.Pattern.compile(Pattern.java:1460)&#13;
	at java.util.regex.Pattern.&lt;init&gt;(Pattern.java:1133)&#13;
	at java.util.regex.Pattern.compile(Pattern.java:823)&#13;
	at java.lang.String.split(String.java:2293)&#13;
	at java.lang.String.split(String.java:2335)&#13;
	at com.yxm.javaserver.core.RequestObject.&lt;init&gt;(RequestObject.java:23)&#13;
	at com.yxm.javaserver.core.RequestObjectTest.testGetParameter(RequestObjectTest.java:16)&#13;
	at sun.reflect.NativeMethodAccessorImpl.invoke0(Native Method)&#13;
	at sun.reflect.NativeMethodAccessorImpl.invoke(NativeMethodAccessorImpl.java:39)&#13;
	at sun.reflect.DelegatingMethodAccessorImpl.invoke(DelegatingMethodAccessorImpl.java:25)&#13;
	at java.lang.reflect.Method.invoke(Method.java:597)&#13;
	at org.junit.runners.model.FrameworkMethod$1.runReflectiveCall(FrameworkMethod.java:50)&#13;
	at org.junit.internal.runners.model.ReflectiveCallable.run(ReflectiveCallable.java:12)&#13;
	at org.junit.runners.model.FrameworkMethod.invokeExplosively(FrameworkMethod.java:47)&#13;
	at org.junit.internal.runners.statements.InvokeMethod.evaluate(InvokeMethod.java:17)&#13;
	at org.junit.runners.ParentRunner.runLeaf(ParentRunner.java:325)&#13;
	at org.junit.runners.BlockJUnit4ClassRunner.runChild(BlockJUnit4ClassRunner.java:78)&#13;
	at org.junit.runners.BlockJUnit4ClassRunner.runChild(BlockJUnit4ClassRunner.java:57)&#13;
	at org.junit.runners.ParentRunner$3.run(ParentRunner.java:290)&#13;
	at org.junit.runners.ParentRunner$1.schedule(ParentRunner.java:71)&#13;
	at org.junit.runners.ParentRunner.runChildren(ParentRunner.java:288)&#13;
	at org.junit.runners.ParentRunner.access$000(ParentRunner.java:58)&#13;
	at org.junit.runners.ParentRunner$2.evaluate(ParentRunner.java:268)&#13;
	at org.junit.runners.ParentRunner.run(ParentRunner.java:363)&#13;
	at org.eclipse.jdt.internal.junit4.runner.JUnit4TestReference.run(JUnit4TestReference.java:50)&#13;
	at org.eclipse.jdt.internal.junit.runner.TestExecution.run(TestExecution.java:38)&#13;
	at org.eclipse.jdt.internal.junit.runner.RemoteTestRunner.runTests(RemoteTestRunner.java:467)&#13;
	at org.eclipse.jdt.internal.junit.runner.RemoteTestRunner.runTests(RemoteTestRunner.java:683)&#13;
	at org.eclipse.jdt.internal.junit.runner.RemoteTestRunner.run(RemoteTestRunner.java:390)&#13;
	at org.eclipse.jdt.internal.junit.runner.RemoteTestRunner.main(RemoteTestRunner.java:197)&#13;
&#13;
</error>
    </testcase>
  </testsuite>
</testrun>
